<?xml version="1.0" encoding="UTF-8"?>
<testsuite name="AcronymTest" tests="8" skipped="7" failures="0" errors="0" timestamp="2017-06-24T07:37:14" hostname="LUK-PC0GCDPP" time="0.0">
  <properties/>
  <testcase name="fromTitleCasedPhrases" classname="AcronymTest" time="0.0"/>
  <testcase name="fromPhrasesWithPunctuationAndSentenceCasing" classname="AcronymTest" time="0.0">
    <skipped/>
  </testcase>
  <testcase name="fromOtherPhrasesWithPunctuation" classname="AcronymTest" time="0.0">
    <skipped/>
  </testcase>
  <testcase name="fromPhrasesWithNonAcronymAllCapsWord" classname="AcronymTest" time="0.0">
    <skipped/>
  </testcase>
  <testcase name="fromOtherTitleCasedPhrases" classname="AcronymTest" time="0.0">
    <skipped/>
  </testcase>
  <testcase name="fromPhraseWithSingleLetterWord" classname="AcronymTest" time="0.0">
    <skipped/>
  </testcase>
  <testcase name="fromInconsistentlyCasedPhrases" classname="AcronymTest" time="0.0">
    <skipped/>
  </testcase>
  <testcase name="fromPhrasesWithPunctuation" classname="AcronymTest" time="0.0">
    <skipped/>
  </testcase>
  <system-out><![CDATA[Splitting Portable Network Graphics
String Array 0 Portable
String Array 1 Network
Array Size is 3
TLA is PNG
]]></system-out>
  <system-err><![CDATA[]]></system-err>
</testsuite>
